<?xml version="1.0" encoding="UTF-8"?>
<testng-results ignored="0" total="1" passed="1" failed="0" skipped="0">
  <reporter-output>
  </reporter-output>
  <suite started-at="2025-04-26T07:21:52 IST" name="Default suite" finished-at="2025-04-26T07:22:19 IST" duration-ms="26850">
    <groups>
    </groups>
    <test started-at="2025-04-26T07:21:52 IST" name="Default test" finished-at="2025-04-26T07:22:19 IST" duration-ms="26850">
      <class name="myAppTest.AppInfoset">
        <test-method signature="capability()[pri:0, instance:myAppTest.AppInfoset@229f66ed]" started-at="2025-04-26T07:21:52 IST" name="capability" finished-at="2025-04-26T07:22:19 IST" duration-ms="26812" status="PASS">
          <reporter-output>
          </reporter-output>
        </test-method> <!-- capability -->
      </class> <!-- myAppTest.AppInfoset -->
    </test> <!-- Default test -->
  </suite> <!-- Default suite -->
</testng-results>
